Build started 14-02-2026 00:26:13.
     1>Project "C:\Users\imsha\Documents\GitHub\Obscure-Defiled\Obscure Defiled\Obscure Defiled.vcxproj" on node 2 (Rebuild target(s)).
     1>C:\Program Files (x86)\MSBuild\Microsoft.Cpp\v4.0\V120\Microsoft.CppBuild.targets(381,5): warning MSB8028: The intermediate directory (Debug\) contains files shared from another project (demo.vcxproj).  This can lead to incorrect clean and rebuild behavior.
     1>ClCompile:
         C:\Program Files (x86)\Microsoft Visual Studio 12.0\VC\bin\CL.exe /c /ZI /nologo /W3 /WX- /sdl /Od /Oy- /D _MBCS /Gm /EHsc /RTC1 /MDd /GS /fp:precise /Zc:wchar_t /Zc:forScope /Fo"Debug\\" /Fd"Debug\vc120.pdb" /Gd /TP /analyze- /errorReport:prompt iMain.cpp
         iMain.cpp
     1>c:\users\imsha\documents\github\obscure-defiled\obscure defiled\screens\setting_screen.hpp(8): warning C4005: 'BUTTON_WIDTH' : macro redefinition
                 c:\users\imsha\documents\github\obscure-defiled\obscure defiled\screens\menu_screen.hpp(8) : see previous definition of 'BUTTON_WIDTH'
     1>c:\users\imsha\documents\github\obscure-defiled\obscure defiled\screens\setting_screen.hpp(9): warning C4005: 'BUTTON_HEIGHT' : macro redefinition
                 c:\users\imsha\documents\github\obscure-defiled\obscure defiled\screens\menu_screen.hpp(9) : see previous definition of 'BUTTON_HEIGHT'
     1>c:\users\imsha\documents\github\obscure-defiled\obscure defiled\screens\game_screen.hpp(11): warning C4005: 'BUTTON_WIDTH' : macro redefinition
                 c:\users\imsha\documents\github\obscure-defiled\obscure defiled\screens\setting_screen.hpp(8) : see previous definition of 'BUTTON_WIDTH'
     1>c:\users\imsha\documents\github\obscure-defiled\obscure defiled\screens\game_screen.hpp(12): warning C4005: 'BUTTON_HEIGHT' : macro redefinition
                 c:\users\imsha\documents\github\obscure-defiled\obscure defiled\screens\setting_screen.hpp(9) : see previous definition of 'BUTTON_HEIGHT'
     1>c:\users\imsha\documents\github\obscure-defiled\obscure defiled\screens\game_screen.hpp(15): warning C4067: unexpected tokens following preprocessor directive - expected a newline
     1>c:\users\imsha\documents\github\obscure-defiled\obscure defiled\enemy_functions\enemy.hpp(75): warning C4018: '>=' : signed/unsigned mismatch
     1>c:\users\imsha\documents\github\obscure-defiled\obscure defiled\enemy_functions\enemy.hpp(83): error C2065: 'hero1' : undeclared identifier
     1>c:\users\imsha\documents\github\obscure-defiled\obscure defiled\enemy_functions\enemy.hpp(83): error C2228: left of '.takeDamage' must have class/struct/union
                 type is 'unknown-type'
     1>c:\users\imsha\documents\github\obscure-defiled\obscure defiled\screens\game_screen.hpp(16): warning C4067: unexpected tokens following preprocessor directive - expected a newline
     1>c:\users\imsha\documents\github\obscure-defiled\obscure defiled\screens\game_screen.hpp(113): warning C4018: '>=' : signed/unsigned mismatch
     1>c:\users\imsha\documents\github\obscure-defiled\obscure defiled\screens\game_screen.hpp(182): warning C4018: '>=' : signed/unsigned mismatch
     1>c:\users\imsha\documents\github\obscure-defiled\obscure defiled\screens\game_screen.hpp(190): warning C4018: '>=' : signed/unsigned mismatch
     1>c:\users\imsha\documents\github\obscure-defiled\obscure defiled\screens\credit_screen.hpp(9): warning C4005: 'BUTTON_WIDTH' : macro redefinition
                 c:\users\imsha\documents\github\obscure-defiled\obscure defiled\screens\game_screen.hpp(11) : see previous definition of 'BUTTON_WIDTH'
     1>c:\users\imsha\documents\github\obscure-defiled\obscure defiled\screens\credit_screen.hpp(10): warning C4005: 'BUTTON_HEIGHT' : macro redefinition
                 c:\users\imsha\documents\github\obscure-defiled\obscure defiled\screens\game_screen.hpp(12) : see previous definition of 'BUTTON_HEIGHT'
     1>c:\users\imsha\documents\github\obscure-defiled\obscure defiled\imain.cpp(9): warning C4067: unexpected tokens following preprocessor directive - expected a newline
     1>c:\users\imsha\documents\github\obscure-defiled\obscure defiled\imain.cpp(10): warning C4067: unexpected tokens following preprocessor directive - expected a newline
     1>Done Building Project "C:\Users\imsha\Documents\GitHub\Obscure-Defiled\Obscure Defiled\Obscure Defiled.vcxproj" (Rebuild target(s)) -- FAILED.

Build FAILED.

Time Elapsed 00:00:01.18
